<?xml version="1.0" encoding="UTF-8"?>
<!-- Generated by org.testng.reporters.JUnitReportReporter -->
<testsuite skipped="0" hostname="IT364925" name="E2EPackage.AssertNavigationBarTC3" tests="1" failures="0" timestamp="06 Sep 2018 23:56:06 GMT" time="0.063" errors="0">
  <testcase name="assertNavigationBar" time="0.063" classname="E2EPackage.AssertNavigationBarTC3"/>
</testsuite> <!-- E2EPackage.AssertNavigationBarTC3 -->
