<?xml version="1.0" encoding="UTF-8"?>
<!-- Generated by org.testng.reporters.JUnitReportReporter -->
<testsuite skipped="0" hostname="IT364925" name="E2EPackage.LoginTC2" tests="2" failures="0" timestamp="09 Sep 2018 23:04:41 GMT" time="54.639" errors="0">
  <testcase name="loginFunction" time="28.438" classname="E2EPackage.LoginTC2"/>
  <testcase name="loginFunction" time="26.201" classname="E2EPackage.LoginTC2"/>
</testsuite> <!-- E2EPackage.LoginTC2 -->
