<?xml version="1.0" encoding="UTF-8"?>
<!-- Generated by org.testng.reporters.JUnitReportReporter -->
<testsuite skipped="0" hostname="IT364925" name="E2EPackage.URLCheckTC1" tests="1" failures="0" timestamp="06 Sep 2018 23:56:06 GMT" time="17.794" errors="0">
  <testcase name="Login" time="17.794" classname="E2EPackage.URLCheckTC1"/>
</testsuite> <!-- E2EPackage.URLCheckTC1 -->
