<?xml version="1.0" encoding="UTF-8"?>
<!-- Generated by org.testng.reporters.JUnitReportReporter -->
<testsuite skipped="0" hostname="IT364925" name="E2EPackage.LoginTC2" tests="2" failures="0" timestamp="10 Sep 2018 02:16:33 GMT" time="56.363" errors="0">
  <testcase name="loginFunction" time="28.955" classname="E2EPackage.LoginTC2"/>
  <testcase name="loginFunction" time="27.408" classname="E2EPackage.LoginTC2"/>
</testsuite> <!-- E2EPackage.LoginTC2 -->
