<?xml version="1.0" encoding="UTF-8"?>
<!-- Generated by org.testng.reporters.JUnitReportReporter -->
<testsuite skipped="0" hostname="IT364925" name="E2EPackage.TestClick" tests="1" failures="0" timestamp="09 Sep 2018 11:46:56 GMT" time="7.259" errors="0">
  <testcase name="testclickone" time="7.259" classname="E2EPackage.TestClick"/>
</testsuite> <!-- E2EPackage.TestClick -->
