<?xml version="1.0" encoding="UTF-8"?>
<!-- Generated by org.testng.reporters.JUnitReportReporter -->
<testsuite skipped="0" hostname="IT364925" name="E2EPackage.LoginTC1" tests="1" failures="0" timestamp="05 Sep 2018 04:55:49 GMT" time="11.994" errors="0">
  <testcase name="Login" time="11.994" classname="E2EPackage.LoginTC1"/>
</testsuite> <!-- E2EPackage.LoginTC1 -->
