<?xml version="1.0" encoding="UTF-8"?>
<!-- Generated by org.testng.reporters.JUnitReportReporter -->
<testsuite skipped="0" hostname="IT364925" name="E2EPackage.AssertNavigationBar" tests="1" failures="0" timestamp="05 Sep 2018 09:34:18 GMT" time="29.506" errors="0">
  <testcase name="assertNavigationBar" time="29.506" classname="E2EPackage.AssertNavigationBar"/>
</testsuite> <!-- E2EPackage.AssertNavigationBar -->
