<?xml version="1.0" encoding="UTF-8"?>
<!-- Generated by org.testng.reporters.JUnitReportReporter -->
<testsuite skipped="0" hostname="IT364925" name="E2EPackage.LoginTC2" tests="2" failures="0" timestamp="06 Sep 2018 04:03:53 GMT" time="54.427" errors="0">
  <testcase name="loginFunction" time="26.310" classname="E2EPackage.LoginTC2"/>
  <testcase name="loginFunction" time="28.117" classname="E2EPackage.LoginTC2"/>
</testsuite> <!-- E2EPackage.LoginTC2 -->
