<?xml version="1.0" encoding="UTF-8"?>
<!-- Generated by org.testng.reporters.JUnitReportReporter -->
<testsuite skipped="0" hostname="IT364925" name="E2EPackage.URLCheckTC1" tests="1" failures="0" timestamp="06 Sep 2018 00:42:31 GMT" time="12.705" errors="0">
  <testcase name="Login" time="12.705" classname="E2EPackage.URLCheckTC1"/>
</testsuite> <!-- E2EPackage.URLCheckTC1 -->
